<?xml version="1.0" encoding="utf-8"?>
<shfbBuild product="Sandcastle Help File Builder and Tools" version="2022.2.6.0" projectFile="C:\Projects\PQNet\Sandcastle\PQnet.shfbproj" started="12/27/2024 11:52:27 PM">
<buildStep step="Initializing">
Finding tools...
The Sandcastle tools are located in &#39;C:\Program Files (x86)\EWSoftware\Sandcastle Help File Builder&#39;
Locating components in the following folder(s):
    C:\Projects\PQNet\Sandcastle
    C:\ProgramData\EWSoftware\Sandcastle Help File Builder\Components and Plug-Ins
    C:\Program Files (x86)\EWSoftware\Sandcastle Help File Builder\Components
Using framework reflection data for &#39;.NET Core/.NET Standard/.NET 5.0+&#39; located in &#39;C:\Program Files (x86)\EWSoftware\Sandcastle Help File Builder\Data\.NET&#39;
Using presentation style &#39;Markdown&#39; located in &#39;C:\Program Files (x86)\EWSoftware\Sandcastle Help File Builder\Components\Markdown&#39;
-------------------------------
Clearing any prior web/markdown output...
</buildStep>
<buildStep step="ValidatingDocumentationSources">
Validating and copying documentation source information
Source: C:\Projects\PQNet\PQnet\bin\Debug\net8.0\PQnet.dll
    Found assembly &#39;C:\Projects\PQNet\PQnet\bin\Debug\net8.0\PQnet.dll&#39;
Source: C:\Projects\PQNet\PQnet\bin\Debug\net8.0\PQnet.xml

Copying XML comments files
    C:\Projects\PQNet\PQnet\bin\Debug\net8.0\PQnet.xml -&gt; C:\Projects\PQNet\Sandcastle\Documentation\Working\PQnet.xml
</buildStep>
<buildStep step="GenerateSharedContent">
Generating shared content files (en-US, English (United States))...
    Last step completed in 00:00:00.0020
</buildStep>
<buildStep step="GenerateApiFilter">
Generating API filter for MRefBuilder...
    Last step completed in 00:00:00.0120
</buildStep>
<buildStep step="GenerateReflectionInfo">
Generating reflection information...
[C:\Program Files\Microsoft Visual Studio\2022\Professional\MSBuild\Current\Bin\amd64\MSBuild.exe - GenerateRefInfo-d8f273a4-e577-4718-9d1c-62cc80e7fc46.proj]
Build started 12/27/2024 11:52:28 PM.

Project &quot;C:\Projects\PQNet\Sandcastle\Documentation\Working\GenerateRefInfo-d8f273a4-e577-4718-9d1c-62cc80e7fc46.proj&quot; on node 1 (default targets).
PrepareForBuild:
  Creating directory &quot;obj\Debug\&quot;.
GenerateRefInfo:
  Microsoft.Build (v17.12.12+1cce77968bca1366760f361c837ffbc3a6af70f0)
  c Microsoft Corporation. All rights reserved.
  Found a current program database (PDB) file for &#39;C:\Projects\PQNet\PQnet\bin\Debug\net8.0\PQnet.dll&#39;.
  Loaded 1 assemblies for reflection and 1 dependency assemblies.
  Wrote information on 2 namespaces, 26 types, and 179 members
  Merging duplicate type and member information
  Merged 0 duplicate type(s) and 0 duplicate member(s)
Done Building Project &quot;C:\Projects\PQNet\Sandcastle\Documentation\Working\GenerateRefInfo-d8f273a4-e577-4718-9d1c-62cc80e7fc46.proj&quot; (default targets).
    Last step completed in 00:00:00.7789
</buildStep>
<buildStep step="ApplyDocumentModel">
Applying document model to reflection output...
    Last step completed in 00:00:00.0990
</buildStep>
<buildStep step="AddApiTopicFilenames">
Adding topic filenames to API members...
    Last step completed in 00:00:00.1300
</buildStep>
<buildStep step="GenerateApiTopicManifest">
Generating API topic manifest...
    Last step completed in 00:00:00.1330
</buildStep>
<buildStep step="GenerateNamespaceSummaries">
Generating namespace summary information...
    Last step completed in 00:00:00.0072
</buildStep>
<buildStep step="GenerateInheritedDocumentation">
Generating inherited documentation...
[C:\Program Files\Microsoft Visual Studio\2022\Professional\MSBuild\Current\Bin\amd64\MSBuild.exe - GenerateInheritedDocs.proj]

    Last step completed in 00:00:00.8879
</buildStep>
<buildStep step="CopyAdditionalContent">
Copying additional content files...
No additional content to copy
    Last step completed in 00:00:00.0000
</buildStep>
<buildStep step="MergeTablesOfContents">
Merging conceptual and additional tables of contents...
    Last step completed in 00:00:00.0000
</buildStep>
<buildStep step="GenerateIntermediateTableOfContents">
Generating intermediate table of contents file for API content...
Generating conceptual content intermediate TOC file...
    Last step completed in 00:00:00.0260
</buildStep>
<buildStep step="CreateBuildAssemblerConfigs">
Creating Sandcastle configuration files...
    sandcastle.config
    Last step completed in 00:00:00.0450
</buildStep>
<buildStep step="MergeCustomConfigs">
Merging custom build component configurations
C:\Projects\PQNet\Sandcastle\Documentation\Working\sandcastle.config
  Updating reference topic configurations.
  No conceptual content.  Removing conceptual content components.
    Last step completed in 00:00:00.0200
</buildStep>
<buildStep step="BuildTopics">
Building help topics...
[C:\Program Files\Microsoft Visual Studio\2022\Professional\MSBuild\Current\Bin\amd64\MSBuild.exe - BuildTopics.proj]
Build started 12/27/2024 11:52:30 PM.

Project &quot;C:\Projects\PQNet\Sandcastle\Documentation\Working\BuildTopics.proj&quot; on node 1 (default targets).
BuildTopics:
  Microsoft.Build (v17.12.12+1cce77968bca1366760f361c837ffbc3a6af70f0)
  c Microsoft Corporation. All rights reserved.
  Loading configuration...
  Processing topics...
BuildAssembler : warning : ShowMissingComponent: [M:PQnet.IAddress.Clone] Missing &lt;returns&gt; documentation [C:\Projects\PQNet\Sandcastle\Documentation\Working\BuildTopics.proj]
BuildAssembler : warning : ShowMissingComponent: [M:PQnet.IAddress.SetChainAddress(System.UInt32)] Missing &lt;param name=&quot;chain&quot;/&gt; documentation [C:\Projects\PQNet\Sandcastle\Documentation\Working\BuildTopics.proj]
BuildAssembler : warning : ShowMissingComponent: [M:PQnet.IAddress.SetHashAddress(System.UInt32)] Missing &lt;param name=&quot;hash&quot;/&gt; documentation [C:\Projects\PQNet\Sandcastle\Documentation\Working\BuildTopics.proj]
BuildAssembler : warning : ShowMissingComponent: [M:PQnet.IAddress.SetKeyPairAddress(System.UInt32)] Missing &lt;param name=&quot;keyPair&quot;/&gt; documentation [C:\Projects\PQNet\Sandcastle\Documentation\Working\BuildTopics.proj]
BuildAssembler : warning : ShowMissingComponent: [M:PQnet.IAddress.SetLayerAddress(System.UInt32)] Missing &lt;param name=&quot;layer&quot;/&gt; documentation [C:\Projects\PQNet\Sandcastle\Documentation\Working\BuildTopics.proj]
BuildAssembler : warning : ShowMissingComponent: [M:PQnet.IAddress.SetTreeAddress(System.UInt64)] Missing &lt;param name=&quot;tree&quot;/&gt; documentation [C:\Projects\PQNet\Sandcastle\Documentation\Working\BuildTopics.proj]
BuildAssembler : warning : ShowMissingComponent: [M:PQnet.IAddress.SetTreeHeight(System.UInt32)] Missing &lt;param name=&quot;treeHeight&quot;/&gt; documentation [C:\Projects\PQNet\Sandcastle\Documentation\Working\BuildTopics.proj]
BuildAssembler : warning : ShowMissingComponent: [M:PQnet.IAddress.SetTreeIndex(System.UInt32)] Missing &lt;param name=&quot;treeIndex&quot;/&gt; documentation [C:\Projects\PQNet\Sandcastle\Documentation\Working\BuildTopics.proj]
BuildAssembler : warning : ShowMissingComponent: [M:PQnet.IAddress.SetTypeAndClear(PQnet.AddressType)] Missing &lt;param name=&quot;type&quot;/&gt; documentation [C:\Projects\PQNet\Sandcastle\Documentation\Working\BuildTopics.proj]
BuildAssembler : warning : ShowMissingComponent: [M:PQnet.IHashAlgorithm.f(System.Byte[],PQnet.IAddress,System.Byte[])] Missing &lt;returns&gt; documentation [C:\Projects\PQNet\Sandcastle\Documentation\Working\BuildTopics.proj]
BuildAssembler : warning : ShowMissingComponent: [M:PQnet.IHashAlgorithm.f(System.Byte[],PQnet.IAddress,System.Byte[])] Missing &lt;param name=&quot;pk_seed&quot;/&gt; documentation [C:\Projects\PQNet\Sandcastle\Documentation\Working\BuildTopics.proj]
BuildAssembler : warning : ShowMissingComponent: [M:PQnet.IHashAlgorithm.f(System.Byte[],PQnet.IAddress,System.Byte[])] Missing &lt;param name=&quot;adrs&quot;/&gt; documentation [C:\Projects\PQNet\Sandcastle\Documentation\Working\BuildTopics.proj]
BuildAssembler : warning : ShowMissingComponent: [M:PQnet.IHashAlgorithm.f(System.Byte[],PQnet.IAddress,System.Byte[])] Missing &lt;param name=&quot;m_1&quot;/&gt; documentation [C:\Projects\PQNet\Sandcastle\Documentation\Working\BuildTopics.proj]
BuildAssembler : warning : ShowMissingComponent: [M:PQnet.IHashAlgorithm.h(System.Byte[],PQnet.IAddress,System.Byte[])] Missing &lt;returns&gt; documentation [C:\Projects\PQNet\Sandcastle\Documentation\Working\BuildTopics.proj]
BuildAssembler : warning : ShowMissingComponent: [M:PQnet.IHashAlgorithm.h(System.Byte[],PQnet.IAddress,System.Byte[])] Missing &lt;param name=&quot;pk_seed&quot;/&gt; documentation [C:\Projects\PQNet\Sandcastle\Documentation\Working\BuildTopics.proj]
BuildAssembler : warning : ShowMissingComponent: [M:PQnet.IHashAlgorithm.h(System.Byte[],PQnet.IAddress,System.Byte[])] Missing &lt;param name=&quot;adrs&quot;/&gt; documentation [C:\Projects\PQNet\Sandcastle\Documentation\Working\BuildTopics.proj]
BuildAssembler : warning : ShowMissingComponent: [M:PQnet.IHashAlgorithm.h(System.Byte[],PQnet.IAddress,System.Byte[])] Missing &lt;param name=&quot;m_2&quot;/&gt; documentation [C:\Projects\PQNet\Sandcastle\Documentation\Working\BuildTopics.proj]
BuildAssembler : warning : ShowMissingComponent: [M:PQnet.IHashAlgorithm.h_msg(System.Byte[],System.Byte[],System.Byte[],System.Byte[])] Missing &lt;returns&gt; documentation [C:\Projects\PQNet\Sandcastle\Documentation\Working\BuildTopics.proj]
BuildAssembler : warning : ShowMissingComponent: [M:PQnet.IHashAlgorithm.h_msg(System.Byte[],System.Byte[],System.Byte[],System.Byte[])] Missing &lt;param name=&quot;r&quot;/&gt; documentation [C:\Projects\PQNet\Sandcastle\Documentation\Working\BuildTopics.proj]
BuildAssembler : warning : ShowMissingComponent: [M:PQnet.IHashAlgorithm.h_msg(System.Byte[],System.Byte[],System.Byte[],System.Byte[])] Missing &lt;param name=&quot;pk_seed&quot;/&gt; documentation [C:\Projects\PQNet\Sandcastle\Documentation\Working\BuildTopics.proj]
BuildAssembler : warning : ShowMissingComponent: [M:PQnet.IHashAlgorithm.h_msg(System.Byte[],System.Byte[],System.Byte[],System.Byte[])] Missing &lt;param name=&quot;pk_root&quot;/&gt; documentation [C:\Projects\PQNet\Sandcastle\Documentation\Working\BuildTopics.proj]
BuildAssembler : warning : ShowMissingComponent: [M:PQnet.IHashAlgorithm.h_msg(System.Byte[],System.Byte[],System.Byte[],System.Byte[])] Missing &lt;param name=&quot;m&quot;/&gt; documentation [C:\Projects\PQNet\Sandcastle\Documentation\Working\BuildTopics.proj]
BuildAssembler : warning : ShowMissingComponent: [M:PQnet.IHashAlgorithm.prf(System.Byte[],System.Byte[],PQnet.IAddress)] Missing &lt;returns&gt; documentation [C:\Projects\PQNet\Sandcastle\Documentation\Working\BuildTopics.proj]
BuildAssembler : warning : ShowMissingComponent: [M:PQnet.IHashAlgorithm.prf(System.Byte[],System.Byte[],PQnet.IAddress)] Missing &lt;param name=&quot;pk_seed&quot;/&gt; documentation [C:\Projects\PQNet\Sandcastle\Documentation\Working\BuildTopics.proj]
BuildAssembler : warning : ShowMissingComponent: [M:PQnet.IHashAlgorithm.prf(System.Byte[],System.Byte[],PQnet.IAddress)] Missing &lt;param name=&quot;sk_seed&quot;/&gt; documentation [C:\Projects\PQNet\Sandcastle\Documentation\Working\BuildTopics.proj]
BuildAssembler : warning : ShowMissingComponent: [M:PQnet.IHashAlgorithm.prf(System.Byte[],System.Byte[],PQnet.IAddress)] Missing &lt;param name=&quot;adrs&quot;/&gt; documentation [C:\Projects\PQNet\Sandcastle\Documentation\Working\BuildTopics.proj]
BuildAssembler : warning : ShowMissingComponent: [M:PQnet.IHashAlgorithm.prf_msg(System.Byte[],System.Byte[],System.Byte[])] Missing &lt;returns&gt; documentation [C:\Projects\PQNet\Sandcastle\Documentation\Working\BuildTopics.proj]
BuildAssembler : warning : ShowMissingComponent: [M:PQnet.IHashAlgorithm.prf_msg(System.Byte[],System.Byte[],System.Byte[])] Missing &lt;param name=&quot;sk_prf&quot;/&gt; documentation [C:\Projects\PQNet\Sandcastle\Documentation\Working\BuildTopics.proj]
BuildAssembler : warning : ShowMissingComponent: [M:PQnet.IHashAlgorithm.prf_msg(System.Byte[],System.Byte[],System.Byte[])] Missing &lt;param name=&quot;opt_rand&quot;/&gt; documentation [C:\Projects\PQNet\Sandcastle\Documentation\Working\BuildTopics.proj]
BuildAssembler : warning : ShowMissingComponent: [M:PQnet.IHashAlgorithm.prf_msg(System.Byte[],System.Byte[],System.Byte[])] Missing &lt;param name=&quot;m&quot;/&gt; documentation [C:\Projects\PQNet\Sandcastle\Documentation\Working\BuildTopics.proj]
BuildAssembler : warning : ShowMissingComponent: [M:PQnet.IHashAlgorithm.t_len(System.Byte[],PQnet.IAddress,System.Byte[])] Missing &lt;returns&gt; documentation [C:\Projects\PQNet\Sandcastle\Documentation\Working\BuildTopics.proj]
BuildAssembler : warning : ShowMissingComponent: [M:PQnet.IHashAlgorithm.t_len(System.Byte[],PQnet.IAddress,System.Byte[])] Missing &lt;param name=&quot;pk_seed&quot;/&gt; documentation [C:\Projects\PQNet\Sandcastle\Documentation\Working\BuildTopics.proj]
BuildAssembler : warning : ShowMissingComponent: [M:PQnet.IHashAlgorithm.t_len(System.Byte[],PQnet.IAddress,System.Byte[])] Missing &lt;param name=&quot;adrs&quot;/&gt; documentation [C:\Projects\PQNet\Sandcastle\Documentation\Working\BuildTopics.proj]
BuildAssembler : warning : ShowMissingComponent: [M:PQnet.IHashAlgorithm.t_len(System.Byte[],PQnet.IAddress,System.Byte[])] Missing &lt;param name=&quot;m_l&quot;/&gt; documentation [C:\Projects\PQNet\Sandcastle\Documentation\Working\BuildTopics.proj]
BuildAssembler : warning : ShowMissingComponent: [M:PQnet.SlhDsaSha2_128f.#ctor(System.Boolean)] Missing &lt;param name=&quot;deterministic&quot;/&gt; documentation [C:\Projects\PQNet\Sandcastle\Documentation\Working\BuildTopics.proj]
BuildAssembler : warning : ShowMissingComponent: [N:PQnet.Digest] Missing &lt;summary&gt; documentation [C:\Projects\PQNet\Sandcastle\Documentation\Working\BuildTopics.proj]
BuildAssembler : warning : ShowMissingComponent: [M:PQnet.Digest.Shake.sha3_256(System.Byte[]@,System.Byte[],System.Int32)] Missing &lt;param name=&quot;h&quot;/&gt; documentation [C:\Projects\PQNet\Sandcastle\Documentation\Working\BuildTopics.proj]
BuildAssembler : warning : ShowMissingComponent: [M:PQnet.Digest.Shake.sha3_256(System.Byte[]@,System.Byte[],System.Int32)] Missing &lt;param name=&quot;in_buf&quot;/&gt; documentation [C:\Projects\PQNet\Sandcastle\Documentation\Working\BuildTopics.proj]
BuildAssembler : warning : ShowMissingComponent: [M:PQnet.Digest.Shake.sha3_256(System.Byte[]@,System.Byte[],System.Int32)] Missing &lt;param name=&quot;inlen&quot;/&gt; documentation [C:\Projects\PQNet\Sandcastle\Documentation\Working\BuildTopics.proj]
BuildAssembler : warning : ShowMissingComponent: [M:PQnet.Digest.Shake.sha3_512(System.Byte[]@,System.Byte[],System.Int32)] Missing &lt;param name=&quot;h&quot;/&gt; documentation [C:\Projects\PQNet\Sandcastle\Documentation\Working\BuildTopics.proj]
BuildAssembler : warning : ShowMissingComponent: [M:PQnet.Digest.Shake.sha3_512(System.Byte[]@,System.Byte[],System.Int32)] Missing &lt;param name=&quot;in_buf&quot;/&gt; documentation [C:\Projects\PQNet\Sandcastle\Documentation\Working\BuildTopics.proj]
BuildAssembler : warning : ShowMissingComponent: [M:PQnet.Digest.Shake.sha3_512(System.Byte[]@,System.Byte[],System.Int32)] Missing &lt;param name=&quot;inlen&quot;/&gt; documentation [C:\Projects\PQNet\Sandcastle\Documentation\Working\BuildTopics.proj]
BuildAssembler : warning : ShowMissingComponent: [M:PQnet.Digest.Shake.shake128(System.Byte[],System.Int32,System.Byte[],System.Int32)] Missing &lt;param name=&quot;out_buf&quot;/&gt; documentation [C:\Projects\PQNet\Sandcastle\Documentation\Working\BuildTopics.proj]
BuildAssembler : warning : ShowMissingComponent: [M:PQnet.Digest.Shake.shake128(System.Byte[],System.Int32,System.Byte[],System.Int32)] Missing &lt;param name=&quot;outlen&quot;/&gt; documentation [C:\Projects\PQNet\Sandcastle\Documentation\Working\BuildTopics.proj]
BuildAssembler : warning : ShowMissingComponent: [M:PQnet.Digest.Shake.shake128(System.Byte[],System.Int32,System.Byte[],System.Int32)] Missing &lt;param name=&quot;in_buf&quot;/&gt; documentation [C:\Projects\PQNet\Sandcastle\Documentation\Working\BuildTopics.proj]
BuildAssembler : warning : ShowMissingComponent: [M:PQnet.Digest.Shake.shake128(System.Byte[],System.Int32,System.Byte[],System.Int32)] Missing &lt;param name=&quot;inlen&quot;/&gt; documentation [C:\Projects\PQNet\Sandcastle\Documentation\Working\BuildTopics.proj]
BuildAssembler : warning : ShowMissingComponent: [M:PQnet.Digest.Shake.shake128_absorb(PQnet.Digest.Shake.keccak_state,System.Byte[],System.Int32)] Missing &lt;param name=&quot;state&quot;/&gt; documentation [C:\Projects\PQNet\Sandcastle\Documentation\Working\BuildTopics.proj]
BuildAssembler : warning : ShowMissingComponent: [M:PQnet.Digest.Shake.shake128_absorb(PQnet.Digest.Shake.keccak_state,System.Byte[],System.Int32)] Missing &lt;param name=&quot;in_buf&quot;/&gt; documentation [C:\Projects\PQNet\Sandcastle\Documentation\Working\BuildTopics.proj]
BuildAssembler : warning : ShowMissingComponent: [M:PQnet.Digest.Shake.shake128_absorb(PQnet.Digest.Shake.keccak_state,System.Byte[],System.Int32)] Missing &lt;param name=&quot;inlen&quot;/&gt; documentation [C:\Projects\PQNet\Sandcastle\Documentation\Working\BuildTopics.proj]
BuildAssembler : warning : ShowMissingComponent: [M:PQnet.Digest.Shake.shake128_absorb_once(PQnet.Digest.Shake.keccak_state,System.Byte[],System.Int32)] Missing &lt;param name=&quot;state&quot;/&gt; documentation [C:\Projects\PQNet\Sandcastle\Documentation\Working\BuildTopics.proj]
BuildAssembler : warning : ShowMissingComponent: [M:PQnet.Digest.Shake.shake128_absorb_once(PQnet.Digest.Shake.keccak_state,System.Byte[],System.Int32)] Missing &lt;param name=&quot;in_buf&quot;/&gt; documentation [C:\Projects\PQNet\Sandcastle\Documentation\Working\BuildTopics.proj]
BuildAssembler : warning : ShowMissingComponent: [M:PQnet.Digest.Shake.shake128_absorb_once(PQnet.Digest.Shake.keccak_state,System.Byte[],System.Int32)] Missing &lt;param name=&quot;inlen&quot;/&gt; documentation [C:\Projects\PQNet\Sandcastle\Documentation\Working\BuildTopics.proj]
BuildAssembler : warning : ShowMissingComponent: [M:PQnet.Digest.Shake.shake128_finalize(PQnet.Digest.Shake.keccak_state)] Missing &lt;param name=&quot;state&quot;/&gt; documentation [C:\Projects\PQNet\Sandcastle\Documentation\Working\BuildTopics.proj]
BuildAssembler : warning : ShowMissingComponent: [M:PQnet.Digest.Shake.shake128_init(PQnet.Digest.Shake.keccak_state)] Missing &lt;param name=&quot;state&quot;/&gt; documentation [C:\Projects\PQNet\Sandcastle\Documentation\Working\BuildTopics.proj]
BuildAssembler : warning : ShowMissingComponent: [M:PQnet.Digest.Shake.shake128_squeeze(System.Byte[],System.Int32,System.Int32,PQnet.Digest.Shake.keccak_state)] Missing &lt;param name=&quot;out_buf&quot;/&gt; documentation [C:\Projects\PQNet\Sandcastle\Documentation\Working\BuildTopics.proj]
BuildAssembler : warning : ShowMissingComponent: [M:PQnet.Digest.Shake.shake128_squeeze(System.Byte[],System.Int32,System.Int32,PQnet.Digest.Shake.keccak_state)] Missing &lt;param name=&quot;out_buf_pos&quot;/&gt; documentation [C:\Projects\PQNet\Sandcastle\Documentation\Working\BuildTopics.proj]
BuildAssembler : warning : ShowMissingComponent: [M:PQnet.Digest.Shake.shake128_squeeze(System.Byte[],System.Int32,System.Int32,PQnet.Digest.Shake.keccak_state)] Missing &lt;param name=&quot;outlen&quot;/&gt; documentation [C:\Projects\PQNet\Sandcastle\Documentation\Working\BuildTopics.proj]
BuildAssembler : warning : ShowMissingComponent: [M:PQnet.Digest.Shake.shake128_squeeze(System.Byte[],System.Int32,System.Int32,PQnet.Digest.Shake.keccak_state)] Missing &lt;param name=&quot;state&quot;/&gt; documentation [C:\Projects\PQNet\Sandcastle\Documentation\Working\BuildTopics.proj]
BuildAssembler : warning : ShowMissingComponent: [M:PQnet.Digest.Shake.shake128_squeezeblocks(System.Byte[],System.Int32,System.Int32,PQnet.Digest.Shake.keccak_state)] Missing &lt;param name=&quot;out_buf&quot;/&gt; documentation [C:\Projects\PQNet\Sandcastle\Documentation\Working\BuildTopics.proj]
BuildAssembler : warning : ShowMissingComponent: [M:PQnet.Digest.Shake.shake128_squeezeblocks(System.Byte[],System.Int32,System.Int32,PQnet.Digest.Shake.keccak_state)] Missing &lt;param name=&quot;out_buf_pos&quot;/&gt; documentation [C:\Projects\PQNet\Sandcastle\Documentation\Working\BuildTopics.proj]
BuildAssembler : warning : ShowMissingComponent: [M:PQnet.Digest.Shake.shake128_squeezeblocks(System.Byte[],System.Int32,System.Int32,PQnet.Digest.Shake.keccak_state)] Missing &lt;param name=&quot;nblocks&quot;/&gt; documentation [C:\Projects\PQNet\Sandcastle\Documentation\Working\BuildTopics.proj]
BuildAssembler : warning : ShowMissingComponent: [M:PQnet.Digest.Shake.shake128_squeezeblocks(System.Byte[],System.Int32,System.Int32,PQnet.Digest.Shake.keccak_state)] Missing &lt;param name=&quot;state&quot;/&gt; documentation [C:\Projects\PQNet\Sandcastle\Documentation\Working\BuildTopics.proj]
BuildAssembler : warning : ShowMissingComponent: [M:PQnet.Digest.Shake.shake256(System.Byte[],System.Int32,System.Byte[],System.Int32)] Missing &lt;param name=&quot;out_buf&quot;/&gt; documentation [C:\Projects\PQNet\Sandcastle\Documentation\Working\BuildTopics.proj]
BuildAssembler : warning : ShowMissingComponent: [M:PQnet.Digest.Shake.shake256(System.Byte[],System.Int32,System.Byte[],System.Int32)] Missing &lt;param name=&quot;outlen&quot;/&gt; documentation [C:\Projects\PQNet\Sandcastle\Documentation\Working\BuildTopics.proj]
BuildAssembler : warning : ShowMissingComponent: [M:PQnet.Digest.Shake.shake256(System.Byte[],System.Int32,System.Byte[],System.Int32)] Missing &lt;param name=&quot;in_buf&quot;/&gt; documentation [C:\Projects\PQNet\Sandcastle\Documentation\Working\BuildTopics.proj]
BuildAssembler : warning : ShowMissingComponent: [M:PQnet.Digest.Shake.shake256(System.Byte[],System.Int32,System.Byte[],System.Int32)] Missing &lt;param name=&quot;inlen&quot;/&gt; documentation [C:\Projects\PQNet\Sandcastle\Documentation\Working\BuildTopics.proj]
BuildAssembler : warning : ShowMissingComponent: [M:PQnet.Digest.Shake.shake256_absorb(PQnet.Digest.Shake.keccak_state,System.Byte[],System.Int32)] Missing &lt;param name=&quot;state&quot;/&gt; documentation [C:\Projects\PQNet\Sandcastle\Documentation\Working\BuildTopics.proj]
BuildAssembler : warning : ShowMissingComponent: [M:PQnet.Digest.Shake.shake256_absorb(PQnet.Digest.Shake.keccak_state,System.Byte[],System.Int32)] Missing &lt;param name=&quot;in_buf&quot;/&gt; documentation [C:\Projects\PQNet\Sandcastle\Documentation\Working\BuildTopics.proj]
BuildAssembler : warning : ShowMissingComponent: [M:PQnet.Digest.Shake.shake256_absorb(PQnet.Digest.Shake.keccak_state,System.Byte[],System.Int32)] Missing &lt;param name=&quot;inlen&quot;/&gt; documentation [C:\Projects\PQNet\Sandcastle\Documentation\Working\BuildTopics.proj]
BuildAssembler : warning : ShowMissingComponent: [M:PQnet.Digest.Shake.shake256_absorb_once(PQnet.Digest.Shake.keccak_state,System.Byte[],System.Int32)] Missing &lt;param name=&quot;state&quot;/&gt; documentation [C:\Projects\PQNet\Sandcastle\Documentation\Working\BuildTopics.proj]
BuildAssembler : warning : ShowMissingComponent: [M:PQnet.Digest.Shake.shake256_absorb_once(PQnet.Digest.Shake.keccak_state,System.Byte[],System.Int32)] Missing &lt;param name=&quot;in_buf&quot;/&gt; documentation [C:\Projects\PQNet\Sandcastle\Documentation\Working\BuildTopics.proj]
BuildAssembler : warning : ShowMissingComponent: [M:PQnet.Digest.Shake.shake256_absorb_once(PQnet.Digest.Shake.keccak_state,System.Byte[],System.Int32)] Missing &lt;param name=&quot;inlen&quot;/&gt; documentation [C:\Projects\PQNet\Sandcastle\Documentation\Working\BuildTopics.proj]
BuildAssembler : warning : ShowMissingComponent: [M:PQnet.Digest.Shake.shake256_finalize(PQnet.Digest.Shake.keccak_state)] Missing &lt;param name=&quot;state&quot;/&gt; documentation [C:\Projects\PQNet\Sandcastle\Documentation\Working\BuildTopics.proj]
BuildAssembler : warning : ShowMissingComponent: [M:PQnet.Digest.Shake.shake256_init(PQnet.Digest.Shake.keccak_state)] Missing &lt;param name=&quot;state&quot;/&gt; documentation [C:\Projects\PQNet\Sandcastle\Documentation\Working\BuildTopics.proj]
BuildAssembler : warning : ShowMissingComponent: [M:PQnet.Digest.Shake.shake256_squeeze(System.Byte[],System.Int32,System.Int32,PQnet.Digest.Shake.keccak_state)] Missing &lt;param name=&quot;out_buf&quot;/&gt; documentation [C:\Projects\PQNet\Sandcastle\Documentation\Working\BuildTopics.proj]
BuildAssembler : warning : ShowMissingComponent: [M:PQnet.Digest.Shake.shake256_squeeze(System.Byte[],System.Int32,System.Int32,PQnet.Digest.Shake.keccak_state)] Missing &lt;param name=&quot;out_buf_pos&quot;/&gt; documentation [C:\Projects\PQNet\Sandcastle\Documentation\Working\BuildTopics.proj]
BuildAssembler : warning : ShowMissingComponent: [M:PQnet.Digest.Shake.shake256_squeeze(System.Byte[],System.Int32,System.Int32,PQnet.Digest.Shake.keccak_state)] Missing &lt;param name=&quot;outlen&quot;/&gt; documentation [C:\Projects\PQNet\Sandcastle\Documentation\Working\BuildTopics.proj]
BuildAssembler : warning : ShowMissingComponent: [M:PQnet.Digest.Shake.shake256_squeeze(System.Byte[],System.Int32,System.Int32,PQnet.Digest.Shake.keccak_state)] Missing &lt;param name=&quot;state&quot;/&gt; documentation [C:\Projects\PQNet\Sandcastle\Documentation\Working\BuildTopics.proj]
BuildAssembler : warning : ShowMissingComponent: [M:PQnet.Digest.Shake.shake256_squeezeblocks(System.Byte[],System.Int32,System.Int32,PQnet.Digest.Shake.keccak_state)] Missing &lt;param name=&quot;out_buf&quot;/&gt; documentation [C:\Projects\PQNet\Sandcastle\Documentation\Working\BuildTopics.proj]
BuildAssembler : warning : ShowMissingComponent: [M:PQnet.Digest.Shake.shake256_squeezeblocks(System.Byte[],System.Int32,System.Int32,PQnet.Digest.Shake.keccak_state)] Missing &lt;param name=&quot;out_buf_pos&quot;/&gt; documentation [C:\Projects\PQNet\Sandcastle\Documentation\Working\BuildTopics.proj]
BuildAssembler : warning : ShowMissingComponent: [M:PQnet.Digest.Shake.shake256_squeezeblocks(System.Byte[],System.Int32,System.Int32,PQnet.Digest.Shake.keccak_state)] Missing &lt;param name=&quot;nblocks&quot;/&gt; documentation [C:\Projects\PQNet\Sandcastle\Documentation\Working\BuildTopics.proj]
BuildAssembler : warning : ShowMissingComponent: [M:PQnet.Digest.Shake.shake256_squeezeblocks(System.Byte[],System.Int32,System.Int32,PQnet.Digest.Shake.keccak_state)] Missing &lt;param name=&quot;state&quot;/&gt; documentation [C:\Projects\PQNet\Sandcastle\Documentation\Working\BuildTopics.proj]
  Processed 266 topic(s)
  82 warning(s)
  CopyFromIndexComponent: &quot;reflection&quot; in-memory cache entries used: 2 of 15.
  CopyFromIndexComponent: &quot;comments&quot; in-memory cache entries used: 3 of 30.
Done Building Project &quot;C:\Projects\PQNet\Sandcastle\Documentation\Working\BuildTopics.proj&quot; (default targets).
    Last step completed in 00:00:03.3029
</buildStep>
<buildStep step="CombiningIntermediateTocFiles">
Combining conceptual and API intermediate TOC files...
    Last step completed in 00:00:00.0020
</buildStep>
<buildStep step="CopyStandardHelpContent">
Copying standard help content...
C:\Program Files (x86)\EWSoftware\Sandcastle Help File Builder\Components\Markdown\media\AlertCaution.png -&gt; C:\Projects\PQNet\Sandcastle\Documentation\Working\Output\Markdown\media\AlertCaution.png
C:\Program Files (x86)\EWSoftware\Sandcastle Help File Builder\Components\Markdown\media\AlertNote.png -&gt; C:\Projects\PQNet\Sandcastle\Documentation\Working\Output\Markdown\media\AlertNote.png
C:\Program Files (x86)\EWSoftware\Sandcastle Help File Builder\Components\Markdown\media\AlertSecurity.png -&gt; C:\Projects\PQNet\Sandcastle\Documentation\Working\Output\Markdown\media\AlertSecurity.png
C:\Program Files (x86)\EWSoftware\Sandcastle Help File Builder\Components\Markdown\media\CFW.gif -&gt; C:\Projects\PQNet\Sandcastle\Documentation\Working\Output\Markdown\media\CFW.gif
C:\Program Files (x86)\EWSoftware\Sandcastle Help File Builder\Components\Markdown\media\CodeExample.png -&gt; C:\Projects\PQNet\Sandcastle\Documentation\Working\Output\Markdown\media\CodeExample.png
C:\Program Files (x86)\EWSoftware\Sandcastle Help File Builder\Components\Markdown\media\privclass.gif -&gt; C:\Projects\PQNet\Sandcastle\Documentation\Working\Output\Markdown\media\privclass.gif
C:\Program Files (x86)\EWSoftware\Sandcastle Help File Builder\Components\Markdown\media\privdelegate.gif -&gt; C:\Projects\PQNet\Sandcastle\Documentation\Working\Output\Markdown\media\privdelegate.gif
C:\Program Files (x86)\EWSoftware\Sandcastle Help File Builder\Components\Markdown\media\privenumeration.gif -&gt; C:\Projects\PQNet\Sandcastle\Documentation\Working\Output\Markdown\media\privenumeration.gif
C:\Program Files (x86)\EWSoftware\Sandcastle Help File Builder\Components\Markdown\media\privevent.gif -&gt; C:\Projects\PQNet\Sandcastle\Documentation\Working\Output\Markdown\media\privevent.gif
C:\Program Files (x86)\EWSoftware\Sandcastle Help File Builder\Components\Markdown\media\privextension.gif -&gt; C:\Projects\PQNet\Sandcastle\Documentation\Working\Output\Markdown\media\privextension.gif
C:\Program Files (x86)\EWSoftware\Sandcastle Help File Builder\Components\Markdown\media\privfield.gif -&gt; C:\Projects\PQNet\Sandcastle\Documentation\Working\Output\Markdown\media\privfield.gif
C:\Program Files (x86)\EWSoftware\Sandcastle Help File Builder\Components\Markdown\media\privinterface.gif -&gt; C:\Projects\PQNet\Sandcastle\Documentation\Working\Output\Markdown\media\privinterface.gif
C:\Program Files (x86)\EWSoftware\Sandcastle Help File Builder\Components\Markdown\media\privmethod.gif -&gt; C:\Projects\PQNet\Sandcastle\Documentation\Working\Output\Markdown\media\privmethod.gif
C:\Program Files (x86)\EWSoftware\Sandcastle Help File Builder\Components\Markdown\media\privproperty.gif -&gt; C:\Projects\PQNet\Sandcastle\Documentation\Working\Output\Markdown\media\privproperty.gif
C:\Program Files (x86)\EWSoftware\Sandcastle Help File Builder\Components\Markdown\media\privstructure.gif -&gt; C:\Projects\PQNet\Sandcastle\Documentation\Working\Output\Markdown\media\privstructure.gif
C:\Program Files (x86)\EWSoftware\Sandcastle Help File Builder\Components\Markdown\media\protclass.gif -&gt; C:\Projects\PQNet\Sandcastle\Documentation\Working\Output\Markdown\media\protclass.gif
C:\Program Files (x86)\EWSoftware\Sandcastle Help File Builder\Components\Markdown\media\protdelegate.gif -&gt; C:\Projects\PQNet\Sandcastle\Documentation\Working\Output\Markdown\media\protdelegate.gif
C:\Program Files (x86)\EWSoftware\Sandcastle Help File Builder\Components\Markdown\media\protenumeration.gif -&gt; C:\Projects\PQNet\Sandcastle\Documentation\Working\Output\Markdown\media\protenumeration.gif
C:\Program Files (x86)\EWSoftware\Sandcastle Help File Builder\Components\Markdown\media\protevent.gif -&gt; C:\Projects\PQNet\Sandcastle\Documentation\Working\Output\Markdown\media\protevent.gif
C:\Program Files (x86)\EWSoftware\Sandcastle Help File Builder\Components\Markdown\media\protextension.gif -&gt; C:\Projects\PQNet\Sandcastle\Documentation\Working\Output\Markdown\media\protextension.gif
C:\Program Files (x86)\EWSoftware\Sandcastle Help File Builder\Components\Markdown\media\protfield.gif -&gt; C:\Projects\PQNet\Sandcastle\Documentation\Working\Output\Markdown\media\protfield.gif
C:\Program Files (x86)\EWSoftware\Sandcastle Help File Builder\Components\Markdown\media\protinterface.gif -&gt; C:\Projects\PQNet\Sandcastle\Documentation\Working\Output\Markdown\media\protinterface.gif
C:\Program Files (x86)\EWSoftware\Sandcastle Help File Builder\Components\Markdown\media\protmethod.gif -&gt; C:\Projects\PQNet\Sandcastle\Documentation\Working\Output\Markdown\media\protmethod.gif
C:\Program Files (x86)\EWSoftware\Sandcastle Help File Builder\Components\Markdown\media\protoperator.gif -&gt; C:\Projects\PQNet\Sandcastle\Documentation\Working\Output\Markdown\media\protoperator.gif
C:\Program Files (x86)\EWSoftware\Sandcastle Help File Builder\Components\Markdown\media\protproperty.gif -&gt; C:\Projects\PQNet\Sandcastle\Documentation\Working\Output\Markdown\media\protproperty.gif
C:\Program Files (x86)\EWSoftware\Sandcastle Help File Builder\Components\Markdown\media\protstructure.gif -&gt; C:\Projects\PQNet\Sandcastle\Documentation\Working\Output\Markdown\media\protstructure.gif
C:\Program Files (x86)\EWSoftware\Sandcastle Help File Builder\Components\Markdown\media\pubclass.gif -&gt; C:\Projects\PQNet\Sandcastle\Documentation\Working\Output\Markdown\media\pubclass.gif
C:\Program Files (x86)\EWSoftware\Sandcastle Help File Builder\Components\Markdown\media\pubdelegate.gif -&gt; C:\Projects\PQNet\Sandcastle\Documentation\Working\Output\Markdown\media\pubdelegate.gif
C:\Program Files (x86)\EWSoftware\Sandcastle Help File Builder\Components\Markdown\media\pubenumeration.gif -&gt; C:\Projects\PQNet\Sandcastle\Documentation\Working\Output\Markdown\media\pubenumeration.gif
C:\Program Files (x86)\EWSoftware\Sandcastle Help File Builder\Components\Markdown\media\pubevent.gif -&gt; C:\Projects\PQNet\Sandcastle\Documentation\Working\Output\Markdown\media\pubevent.gif
C:\Program Files (x86)\EWSoftware\Sandcastle Help File Builder\Components\Markdown\media\pubextension.gif -&gt; C:\Projects\PQNet\Sandcastle\Documentation\Working\Output\Markdown\media\pubextension.gif
C:\Program Files (x86)\EWSoftware\Sandcastle Help File Builder\Components\Markdown\media\pubfield.gif -&gt; C:\Projects\PQNet\Sandcastle\Documentation\Working\Output\Markdown\media\pubfield.gif
C:\Program Files (x86)\EWSoftware\Sandcastle Help File Builder\Components\Markdown\media\pubinterface.gif -&gt; C:\Projects\PQNet\Sandcastle\Documentation\Working\Output\Markdown\media\pubinterface.gif
C:\Program Files (x86)\EWSoftware\Sandcastle Help File Builder\Components\Markdown\media\pubmethod.gif -&gt; C:\Projects\PQNet\Sandcastle\Documentation\Working\Output\Markdown\media\pubmethod.gif
C:\Program Files (x86)\EWSoftware\Sandcastle Help File Builder\Components\Markdown\media\puboperator.gif -&gt; C:\Projects\PQNet\Sandcastle\Documentation\Working\Output\Markdown\media\puboperator.gif
C:\Program Files (x86)\EWSoftware\Sandcastle Help File Builder\Components\Markdown\media\pubproperty.gif -&gt; C:\Projects\PQNet\Sandcastle\Documentation\Working\Output\Markdown\media\pubproperty.gif
C:\Program Files (x86)\EWSoftware\Sandcastle Help File Builder\Components\Markdown\media\pubstructure.gif -&gt; C:\Projects\PQNet\Sandcastle\Documentation\Working\Output\Markdown\media\pubstructure.gif
C:\Program Files (x86)\EWSoftware\Sandcastle Help File Builder\Components\Markdown\media\slMobile.gif -&gt; C:\Projects\PQNet\Sandcastle\Documentation\Working\Output\Markdown\media\slMobile.gif
C:\Program Files (x86)\EWSoftware\Sandcastle Help File Builder\Components\Markdown\media\static.gif -&gt; C:\Projects\PQNet\Sandcastle\Documentation\Working\Output\Markdown\media\static.gif
C:\Program Files (x86)\EWSoftware\Sandcastle Help File Builder\Components\Markdown\media\xna.gif -&gt; C:\Projects\PQNet\Sandcastle\Documentation\Working\Output\Markdown\media\xna.gif
C:\Program Files (x86)\EWSoftware\Sandcastle Help File Builder\Components\Markdown\MarkdownContent\_Footer.md -&gt; C:\Projects\PQNet\Sandcastle\Documentation\Working\Output\Markdown\_Footer.md
    Last step completed in 00:00:00.0561
</buildStep>
<buildStep step="GenerateHelpProject">
Executing informational Generate Help Project build step for plug-ins (not used for Markdown)
    Last step completed in 00:00:00.0000
</buildStep>
<buildStep step="CompilingHelpFile">
Generating markdown content...
[C:\Program Files\Microsoft Visual Studio\2022\Professional\MSBuild\Current\Bin\amd64\MSBuild.exe - GenerateMarkdownContent.proj]

  Finished generating 266 topics
  Copying content to output folder...
  Finished copying 309 files
    Last step completed in 00:00:00.9599
</buildStep>
<buildStep step="CleanIntermediates">
Removing intermediate files...
    Last step completed in 00:00:00.0730
</buildStep>
<buildStep step="Completed">

Build completed successfully at 12/27/2024 11:52:35 PM.  Total time: 00:00:07.1427

</buildStep>
</shfbBuild>
